[2016-10-13 00:00:59,705] INFO  [jobs-thread-10] jobs.AddKwdForFlow.doJob(AddKwdForFlow.java:38) - =====AddFlow Started=====
[2016-10-13 00:00:59,715] INFO  [jobs-thread-10] jobs.AddKwdForFlow.doJob(AddKwdForFlow.java:40) - 流量任务条数0
[2016-10-13 00:01:04,026] INFO  [jobs-thread-1] jobs.BuyerTaskCancel.doJob(BuyerTaskCancel.java:38) - cancel buyerTask start
[2016-10-13 00:01:04,036] INFO  [jobs-thread-1] jobs.BuyerTaskCancel.doJob(BuyerTaskCancel.java:49) - cancel buyerTask end
[2016-10-13 00:01:04,517] INFO  [jobs-thread-6] jobs.GetExpressNo.doJob(GetExpressNo.java:49) - =====GetExpressNo Started=====
[2016-10-13 00:11:00,108] INFO  [jobs-thread-2] jobs.AddKwdForFlow.doJob(AddKwdForFlow.java:38) - =====AddFlow Started=====
[2016-10-13 00:11:00,108] INFO  [jobs-thread-2] jobs.AddKwdForFlow.doJob(AddKwdForFlow.java:40) - 流量任务条数0
[2016-10-13 00:11:04,475] INFO  [jobs-thread-3] jobs.BuyerTaskCancel.doJob(BuyerTaskCancel.java:38) - cancel buyerTask start
[2016-10-13 00:11:04,485] INFO  [jobs-thread-3] jobs.BuyerTaskCancel.doJob(BuyerTaskCancel.java:49) - cancel buyerTask end
[2016-10-13 00:11:04,958] INFO  [jobs-thread-4] jobs.GetExpressNo.doJob(GetExpressNo.java:49) - =====GetExpressNo Started=====
[2016-10-13 00:20:53,514] INFO  [jobs-thread-5] jobs.FlowClickTimes.doJob(FlowClickTimes.java:36) - =====FlowClickTimes Started=====
[2016-10-13 00:21:00,461] INFO  [jobs-thread-7] jobs.AddKwdForFlow.doJob(AddKwdForFlow.java:38) - =====AddFlow Started=====
[2016-10-13 00:21:00,461] INFO  [jobs-thread-7] jobs.AddKwdForFlow.doJob(AddKwdForFlow.java:40) - 流量任务条数0
[2016-10-13 00:21:04,862] INFO  [jobs-thread-8] jobs.BuyerTaskCancel.doJob(BuyerTaskCancel.java:38) - cancel buyerTask start
[2016-10-13 00:21:04,872] INFO  [jobs-thread-8] jobs.BuyerTaskCancel.doJob(BuyerTaskCancel.java:49) - cancel buyerTask end
[2016-10-13 00:21:05,313] INFO  [jobs-thread-9] jobs.GetExpressNo.doJob(GetExpressNo.java:49) - =====GetExpressNo Started=====
[2016-10-13 00:31:00,819] INFO  [jobs-thread-5] jobs.AddKwdForFlow.doJob(AddKwdForFlow.java:38) - =====AddFlow Started=====
[2016-10-13 00:31:00,819] INFO  [jobs-thread-5] jobs.AddKwdForFlow.doJob(AddKwdForFlow.java:40) - 流量任务条数0
[2016-10-13 00:31:05,259] INFO  [jobs-thread-6] jobs.BuyerTaskCancel.doJob(BuyerTaskCancel.java:38) - cancel buyerTask start
[2016-10-13 00:31:05,259] INFO  [jobs-thread-6] jobs.BuyerTaskCancel.doJob(BuyerTaskCancel.java:49) - cancel buyerTask end
[2016-10-13 00:31:05,680] INFO  [jobs-thread-7] jobs.GetExpressNo.doJob(GetExpressNo.java:49) - =====GetExpressNo Started=====
[2016-10-13 00:41:01,180] INFO  [jobs-thread-10] jobs.AddKwdForFlow.doJob(AddKwdForFlow.java:38) - =====AddFlow Started=====
[2016-10-13 00:41:01,180] INFO  [jobs-thread-10] jobs.AddKwdForFlow.doJob(AddKwdForFlow.java:40) - 流量任务条数0
[2016-10-13 00:41:05,624] INFO  [jobs-thread-1] jobs.BuyerTaskCancel.doJob(BuyerTaskCancel.java:38) - cancel buyerTask start
[2016-10-13 00:41:05,634] INFO  [jobs-thread-1] jobs.BuyerTaskCancel.doJob(BuyerTaskCancel.java:49) - cancel buyerTask end
[2016-10-13 00:41:06,039] INFO  [jobs-thread-8] jobs.GetExpressNo.doJob(GetExpressNo.java:49) - =====GetExpressNo Started=====
[2016-10-13 00:50:53,889] INFO  [jobs-thread-7] jobs.FlowClickTimes.doJob(FlowClickTimes.java:36) - =====FlowClickTimes Started=====
[2016-10-13 00:51:01,519] INFO  [jobs-thread-1] jobs.AddKwdForFlow.doJob(AddKwdForFlow.java:38) - =====AddFlow Started=====
[2016-10-13 00:51:01,529] INFO  [jobs-thread-1] jobs.AddKwdForFlow.doJob(AddKwdForFlow.java:40) - 流量任务条数0
[2016-10-13 00:51:05,971] INFO  [jobs-thread-5] jobs.BuyerTaskCancel.doJob(BuyerTaskCancel.java:38) - cancel buyerTask start
[2016-10-13 00:51:05,971] INFO  [jobs-thread-5] jobs.BuyerTaskCancel.doJob(BuyerTaskCancel.java:49) - cancel buyerTask end
[2016-10-13 00:51:06,393] INFO  [jobs-thread-8] jobs.GetExpressNo.doJob(GetExpressNo.java:49) - =====GetExpressNo Started=====
[2016-10-13 01:00:01,464] INFO  [jobs-thread-8] jobs.FinshedFlowTask.doJob(FinshedFlowTask.java:35) - =====FinshedFlowTask Started=====
[2016-10-13 01:01:01,904] INFO  [jobs-thread-3] jobs.AddKwdForFlow.doJob(AddKwdForFlow.java:38) - =====AddFlow Started=====
[2016-10-13 01:01:01,904] INFO  [jobs-thread-3] jobs.AddKwdForFlow.doJob(AddKwdForFlow.java:40) - 流量任务条数0
[2016-10-13 01:01:06,329] INFO  [jobs-thread-1] jobs.BuyerTaskCancel.doJob(BuyerTaskCancel.java:38) - cancel buyerTask start
[2016-10-13 01:01:06,339] INFO  [jobs-thread-1] jobs.BuyerTaskCancel.doJob(BuyerTaskCancel.java:49) - cancel buyerTask end
[2016-10-13 01:01:06,740] INFO  [jobs-thread-5] jobs.GetExpressNo.doJob(GetExpressNo.java:49) - =====GetExpressNo Started=====
[2016-10-13 01:11:02,247] INFO  [jobs-thread-8] jobs.AddKwdForFlow.doJob(AddKwdForFlow.java:38) - =====AddFlow Started=====
[2016-10-13 01:11:02,247] INFO  [jobs-thread-8] jobs.AddKwdForFlow.doJob(AddKwdForFlow.java:40) - 流量任务条数0
[2016-10-13 01:11:06,691] INFO  [jobs-thread-7] jobs.BuyerTaskCancel.doJob(BuyerTaskCancel.java:38) - cancel buyerTask start
[2016-10-13 01:11:06,701] INFO  [jobs-thread-7] jobs.BuyerTaskCancel.doJob(BuyerTaskCancel.java:49) - cancel buyerTask end
[2016-10-13 01:11:07,107] INFO  [jobs-thread-10] jobs.GetExpressNo.doJob(GetExpressNo.java:49) - =====GetExpressNo Started=====
[2016-10-13 01:20:54,310] INFO  [jobs-thread-5] jobs.FlowClickTimes.doJob(FlowClickTimes.java:36) - =====FlowClickTimes Started=====
[2016-10-13 01:21:02,612] INFO  [jobs-thread-3] jobs.AddKwdForFlow.doJob(AddKwdForFlow.java:38) - =====AddFlow Started=====
[2016-10-13 01:21:02,612] INFO  [jobs-thread-3] jobs.AddKwdForFlow.doJob(AddKwdForFlow.java:40) - 流量任务条数0
[2016-10-13 01:21:07,047] INFO  [jobs-thread-8] jobs.BuyerTaskCancel.doJob(BuyerTaskCancel.java:38) - cancel buyerTask start
[2016-10-13 01:21:07,057] INFO  [jobs-thread-8] jobs.BuyerTaskCancel.doJob(BuyerTaskCancel.java:49) - cancel buyerTask end
[2016-10-13 01:21:07,485] INFO  [jobs-thread-7] jobs.GetExpressNo.doJob(GetExpressNo.java:49) - =====GetExpressNo Started=====
[2016-10-13 01:31:02,997] INFO  [jobs-thread-10] jobs.AddKwdForFlow.doJob(AddKwdForFlow.java:38) - =====AddFlow Started=====
[2016-10-13 01:31:02,997] INFO  [jobs-thread-10] jobs.AddKwdForFlow.doJob(AddKwdForFlow.java:40) - 流量任务条数0
[2016-10-13 01:31:07,422] INFO  [jobs-thread-2] jobs.BuyerTaskCancel.doJob(BuyerTaskCancel.java:38) - cancel buyerTask start
[2016-10-13 01:31:07,422] INFO  [jobs-thread-2] jobs.BuyerTaskCancel.doJob(BuyerTaskCancel.java:49) - cancel buyerTask end
[2016-10-13 01:31:07,833] INFO  [jobs-thread-6] jobs.GetExpressNo.doJob(GetExpressNo.java:49) - =====GetExpressNo Started=====
[2016-10-13 01:41:03,650] INFO  [jobs-thread-10] jobs.AddKwdForFlow.doJob(AddKwdForFlow.java:38) - =====AddFlow Started=====
[2016-10-13 01:41:03,650] INFO  [jobs-thread-10] jobs.AddKwdForFlow.doJob(AddKwdForFlow.java:40) - 流量任务条数0
[2016-10-13 01:41:07,767] INFO  [jobs-thread-2] jobs.BuyerTaskCancel.doJob(BuyerTaskCancel.java:38) - cancel buyerTask start
[2016-10-13 01:41:07,767] INFO  [jobs-thread-2] jobs.BuyerTaskCancel.doJob(BuyerTaskCancel.java:49) - cancel buyerTask end
[2016-10-13 01:41:08,192] INFO  [jobs-thread-6] jobs.GetExpressNo.doJob(GetExpressNo.java:49) - =====GetExpressNo Started=====
[2016-10-13 01:50:54,698] INFO  [jobs-thread-4] jobs.FlowClickTimes.doJob(FlowClickTimes.java:36) - =====FlowClickTimes Started=====
[2016-10-13 01:51:04,003] INFO  [jobs-thread-5] jobs.AddKwdForFlow.doJob(AddKwdForFlow.java:38) - =====AddFlow Started=====
[2016-10-13 01:51:04,003] INFO  [jobs-thread-5] jobs.AddKwdForFlow.doJob(AddKwdForFlow.java:40) - 流量任务条数0
[2016-10-13 01:51:08,096] INFO  [jobs-thread-6] jobs.BuyerTaskCancel.doJob(BuyerTaskCancel.java:38) - cancel buyerTask start
[2016-10-13 01:51:08,096] INFO  [jobs-thread-6] jobs.BuyerTaskCancel.doJob(BuyerTaskCancel.java:49) - cancel buyerTask end
[2016-10-13 01:51:08,534] INFO  [jobs-thread-7] jobs.GetExpressNo.doJob(GetExpressNo.java:49) - =====GetExpressNo Started=====
[2016-10-13 02:00:01,562] INFO  [jobs-thread-7] jobs.RefoundFlow.doJob(RefoundFlow.java:39) - =====RefoundFlow Started=====
[2016-10-13 02:00:01,562] INFO  [jobs-thread-7] jobs.RefoundFlow.doJob(RefoundFlow.java:42) - =====records size=====0
[2016-10-13 02:01:04,345] INFO  [jobs-thread-2] jobs.AddKwdForFlow.doJob(AddKwdForFlow.java:38) - =====AddFlow Started=====
[2016-10-13 02:01:04,345] INFO  [jobs-thread-2] jobs.AddKwdForFlow.doJob(AddKwdForFlow.java:40) - 流量任务条数0
[2016-10-13 02:01:08,459] INFO  [jobs-thread-6] jobs.BuyerTaskCancel.doJob(BuyerTaskCancel.java:38) - cancel buyerTask start
[2016-10-13 02:01:08,459] INFO  [jobs-thread-6] jobs.BuyerTaskCancel.doJob(BuyerTaskCancel.java:49) - cancel buyerTask end
[2016-10-13 02:01:08,882] INFO  [jobs-thread-10] jobs.GetExpressNo.doJob(GetExpressNo.java:49) - =====GetExpressNo Started=====
[2016-10-13 02:11:04,738] INFO  [jobs-thread-9] jobs.AddKwdForFlow.doJob(AddKwdForFlow.java:38) - =====AddFlow Started=====
[2016-10-13 02:11:04,738] INFO  [jobs-thread-9] jobs.AddKwdForFlow.doJob(AddKwdForFlow.java:40) - 流量任务条数0
[2016-10-13 02:11:08,813] INFO  [jobs-thread-3] jobs.BuyerTaskCancel.doJob(BuyerTaskCancel.java:38) - cancel buyerTask start
[2016-10-13 02:11:08,828] INFO  [jobs-thread-3] jobs.BuyerTaskCancel.doJob(BuyerTaskCancel.java:49) - cancel buyerTask end
[2016-10-13 02:11:09,204] INFO  [jobs-thread-5] jobs.GetExpressNo.doJob(GetExpressNo.java:49) - =====GetExpressNo Started=====
[2016-10-13 02:20:55,106] INFO  [jobs-thread-5] jobs.FlowClickTimes.doJob(FlowClickTimes.java:36) - =====FlowClickTimes Started=====
[2016-10-13 02:21:05,072] INFO  [jobs-thread-7] jobs.AddKwdForFlow.doJob(AddKwdForFlow.java:38) - =====AddFlow Started=====
[2016-10-13 02:21:05,072] INFO  [jobs-thread-7] jobs.AddKwdForFlow.doJob(AddKwdForFlow.java:40) - 流量任务条数0
[2016-10-13 02:21:09,172] INFO  [jobs-thread-8] jobs.BuyerTaskCancel.doJob(BuyerTaskCancel.java:38) - cancel buyerTask start
[2016-10-13 02:21:09,187] INFO  [jobs-thread-8] jobs.BuyerTaskCancel.doJob(BuyerTaskCancel.java:49) - cancel buyerTask end
[2016-10-13 02:21:09,534] INFO  [jobs-thread-1] jobs.GetExpressNo.doJob(GetExpressNo.java:49) - =====GetExpressNo Started=====
[2016-10-13 02:31:05,431] INFO  [jobs-thread-8] jobs.AddKwdForFlow.doJob(AddKwdForFlow.java:38) - =====AddFlow Started=====
[2016-10-13 02:31:05,431] INFO  [jobs-thread-8] jobs.AddKwdForFlow.doJob(AddKwdForFlow.java:40) - 流量任务条数0
[2016-10-13 02:31:09,540] INFO  [jobs-thread-9] jobs.BuyerTaskCancel.doJob(BuyerTaskCancel.java:38) - cancel buyerTask start
[2016-10-13 02:31:09,540] INFO  [jobs-thread-9] jobs.BuyerTaskCancel.doJob(BuyerTaskCancel.java:49) - cancel buyerTask end
[2016-10-13 02:31:09,853] INFO  [jobs-thread-4] jobs.GetExpressNo.doJob(GetExpressNo.java:49) - =====GetExpressNo Started=====
[2016-10-13 02:41:05,775] INFO  [jobs-thread-1] jobs.AddKwdForFlow.doJob(AddKwdForFlow.java:38) - =====AddFlow Started=====
[2016-10-13 02:41:05,775] INFO  [jobs-thread-1] jobs.AddKwdForFlow.doJob(AddKwdForFlow.java:40) - 流量任务条数0
[2016-10-13 02:41:09,895] INFO  [jobs-thread-3] jobs.BuyerTaskCancel.doJob(BuyerTaskCancel.java:38) - cancel buyerTask start
[2016-10-13 02:41:09,911] INFO  [jobs-thread-3] jobs.BuyerTaskCancel.doJob(BuyerTaskCancel.java:49) - cancel buyerTask end
[2016-10-13 02:41:10,193] INFO  [jobs-thread-7] jobs.GetExpressNo.doJob(GetExpressNo.java:49) - =====GetExpressNo Started=====
[2016-10-13 02:50:55,493] INFO  [jobs-thread-3] jobs.FlowClickTimes.doJob(FlowClickTimes.java:36) - =====FlowClickTimes Started=====
[2016-10-13 02:51:06,137] INFO  [jobs-thread-6] jobs.AddKwdForFlow.doJob(AddKwdForFlow.java:38) - =====AddFlow Started=====
[2016-10-13 02:51:06,137] INFO  [jobs-thread-6] jobs.AddKwdForFlow.doJob(AddKwdForFlow.java:40) - 流量任务条数0
[2016-10-13 02:51:10,274] INFO  [jobs-thread-5] jobs.BuyerTaskCancel.doJob(BuyerTaskCancel.java:38) - cancel buyerTask start
[2016-10-13 02:51:10,288] INFO  [jobs-thread-5] jobs.BuyerTaskCancel.doJob(BuyerTaskCancel.java:49) - cancel buyerTask end
[2016-10-13 02:51:10,553] INFO  [jobs-thread-9] jobs.GetExpressNo.doJob(GetExpressNo.java:49) - =====GetExpressNo Started=====
[2016-10-13 03:01:06,475] INFO  [jobs-thread-6] jobs.AddKwdForFlow.doJob(AddKwdForFlow.java:38) - =====AddFlow Started=====
[2016-10-13 03:01:06,475] INFO  [jobs-thread-6] jobs.AddKwdForFlow.doJob(AddKwdForFlow.java:40) - 流量任务条数0
[2016-10-13 03:01:10,605] INFO  [jobs-thread-4] jobs.BuyerTaskCancel.doJob(BuyerTaskCancel.java:38) - cancel buyerTask start
[2016-10-13 03:01:10,621] INFO  [jobs-thread-4] jobs.BuyerTaskCancel.doJob(BuyerTaskCancel.java:49) - cancel buyerTask end
[2016-10-13 03:01:10,918] INFO  [jobs-thread-3] jobs.GetExpressNo.doJob(GetExpressNo.java:49) - =====GetExpressNo Started=====
[2016-10-13 03:11:06,810] INFO  [jobs-thread-4] jobs.AddKwdForFlow.doJob(AddKwdForFlow.java:38) - =====AddFlow Started=====
[2016-10-13 03:11:06,810] INFO  [jobs-thread-4] jobs.AddKwdForFlow.doJob(AddKwdForFlow.java:40) - 流量任务条数0
[2016-10-13 03:11:10,945] INFO  [jobs-thread-10] jobs.BuyerTaskCancel.doJob(BuyerTaskCancel.java:38) - cancel buyerTask start
[2016-10-13 03:11:10,945] INFO  [jobs-thread-10] jobs.BuyerTaskCancel.doJob(BuyerTaskCancel.java:49) - cancel buyerTask end
[2016-10-13 03:11:11,259] INFO  [jobs-thread-10] jobs.GetExpressNo.doJob(GetExpressNo.java:49) - =====GetExpressNo Started=====
[2016-10-13 03:20:55,866] INFO  [jobs-thread-4] jobs.FlowClickTimes.doJob(FlowClickTimes.java:36) - =====FlowClickTimes Started=====
[2016-10-13 03:21:07,171] INFO  [jobs-thread-9] jobs.AddKwdForFlow.doJob(AddKwdForFlow.java:38) - =====AddFlow Started=====
[2016-10-13 03:21:07,171] INFO  [jobs-thread-9] jobs.AddKwdForFlow.doJob(AddKwdForFlow.java:40) - 流量任务条数0
[2016-10-13 03:21:11,312] INFO  [jobs-thread-10] jobs.BuyerTaskCancel.doJob(BuyerTaskCancel.java:38) - cancel buyerTask start
[2016-10-13 03:21:11,328] INFO  [jobs-thread-10] jobs.BuyerTaskCancel.doJob(BuyerTaskCancel.java:49) - cancel buyerTask end
[2016-10-13 03:21:11,609] INFO  [jobs-thread-3] jobs.GetExpressNo.doJob(GetExpressNo.java:49) - =====GetExpressNo Started=====
[2016-10-13 03:31:07,509] INFO  [jobs-thread-2] jobs.AddKwdForFlow.doJob(AddKwdForFlow.java:38) - =====AddFlow Started=====
[2016-10-13 03:31:07,509] INFO  [jobs-thread-2] jobs.AddKwdForFlow.doJob(AddKwdForFlow.java:40) - 流量任务条数0
[2016-10-13 03:31:11,658] INFO  [jobs-thread-3] jobs.BuyerTaskCancel.doJob(BuyerTaskCancel.java:38) - cancel buyerTask start
[2016-10-13 03:31:11,658] INFO  [jobs-thread-3] jobs.BuyerTaskCancel.doJob(BuyerTaskCancel.java:49) - cancel buyerTask end
[2016-10-13 03:31:11,971] INFO  [jobs-thread-8] jobs.GetExpressNo.doJob(GetExpressNo.java:49) - =====GetExpressNo Started=====
[2016-10-13 03:41:07,853] INFO  [jobs-thread-3] jobs.AddKwdForFlow.doJob(AddKwdForFlow.java:38) - =====AddFlow Started=====
[2016-10-13 03:41:07,853] INFO  [jobs-thread-3] jobs.AddKwdForFlow.doJob(AddKwdForFlow.java:40) - 流量任务条数0
[2016-10-13 03:41:12,012] INFO  [jobs-thread-6] jobs.BuyerTaskCancel.doJob(BuyerTaskCancel.java:38) - cancel buyerTask start
[2016-10-13 03:41:12,012] INFO  [jobs-thread-6] jobs.BuyerTaskCancel.doJob(BuyerTaskCancel.java:49) - cancel buyerTask end
[2016-10-13 03:41:12,325] INFO  [jobs-thread-5] jobs.GetExpressNo.doJob(GetExpressNo.java:49) - =====GetExpressNo Started=====
[2016-10-13 03:50:56,259] INFO  [jobs-thread-3] jobs.FlowClickTimes.doJob(FlowClickTimes.java:36) - =====FlowClickTimes Started=====
[2016-10-13 03:51:08,201] INFO  [jobs-thread-6] jobs.AddKwdForFlow.doJob(AddKwdForFlow.java:38) - =====AddFlow Started=====
[2016-10-13 03:51:08,201] INFO  [jobs-thread-6] jobs.AddKwdForFlow.doJob(AddKwdForFlow.java:40) - 流量任务条数0
[2016-10-13 03:51:12,374] INFO  [jobs-thread-8] jobs.BuyerTaskCancel.doJob(BuyerTaskCancel.java:38) - cancel buyerTask start
[2016-10-13 03:51:12,389] INFO  [jobs-thread-8] jobs.BuyerTaskCancel.doJob(BuyerTaskCancel.java:49) - cancel buyerTask end
[2016-10-13 03:51:12,702] INFO  [jobs-thread-1] jobs.GetExpressNo.doJob(GetExpressNo.java:49) - =====GetExpressNo Started=====
[2016-10-13 04:01:08,525] INFO  [jobs-thread-4] jobs.AddKwdForFlow.doJob(AddKwdForFlow.java:38) - =====AddFlow Started=====
[2016-10-13 04:01:08,525] INFO  [jobs-thread-4] jobs.AddKwdForFlow.doJob(AddKwdForFlow.java:40) - 流量任务条数0
[2016-10-13 04:01:12,721] INFO  [jobs-thread-9] jobs.BuyerTaskCancel.doJob(BuyerTaskCancel.java:38) - cancel buyerTask start
[2016-10-13 04:01:12,721] INFO  [jobs-thread-9] jobs.BuyerTaskCancel.doJob(BuyerTaskCancel.java:49) - cancel buyerTask end
[2016-10-13 04:01:13,018] INFO  [jobs-thread-10] jobs.GetExpressNo.doJob(GetExpressNo.java:49) - =====GetExpressNo Started=====
[2016-10-13 04:11:08,891] INFO  [jobs-thread-10] jobs.AddKwdForFlow.doJob(AddKwdForFlow.java:38) - =====AddFlow Started=====
[2016-10-13 04:11:08,891] INFO  [jobs-thread-10] jobs.AddKwdForFlow.doJob(AddKwdForFlow.java:40) - 流量任务条数0
[2016-10-13 04:11:13,057] INFO  [jobs-thread-8] jobs.BuyerTaskCancel.doJob(BuyerTaskCancel.java:38) - cancel buyerTask start
[2016-10-13 04:11:13,072] INFO  [jobs-thread-8] jobs.BuyerTaskCancel.doJob(BuyerTaskCancel.java:49) - cancel buyerTask end
[2016-10-13 04:11:13,370] INFO  [jobs-thread-5] jobs.GetExpressNo.doJob(GetExpressNo.java:49) - =====GetExpressNo Started=====
[2016-10-13 04:20:56,660] INFO  [jobs-thread-1] jobs.FlowClickTimes.doJob(FlowClickTimes.java:36) - =====FlowClickTimes Started=====
[2016-10-13 04:21:09,215] INFO  [jobs-thread-7] jobs.AddKwdForFlow.doJob(AddKwdForFlow.java:38) - =====AddFlow Started=====
[2016-10-13 04:21:09,215] INFO  [jobs-thread-7] jobs.AddKwdForFlow.doJob(AddKwdForFlow.java:40) - 流量任务条数0
[2016-10-13 04:21:13,388] INFO  [jobs-thread-2] jobs.BuyerTaskCancel.doJob(BuyerTaskCancel.java:38) - cancel buyerTask start
[2016-10-13 04:21:13,404] INFO  [jobs-thread-2] jobs.BuyerTaskCancel.doJob(BuyerTaskCancel.java:49) - cancel buyerTask end
[2016-10-13 04:21:13,735] INFO  [jobs-thread-3] jobs.GetExpressNo.doJob(GetExpressNo.java:49) - =====GetExpressNo Started=====
[2016-10-13 04:31:09,531] INFO  [jobs-thread-7] jobs.AddKwdForFlow.doJob(AddKwdForFlow.java:38) - =====AddFlow Started=====
[2016-10-13 04:31:09,546] INFO  [jobs-thread-7] jobs.AddKwdForFlow.doJob(AddKwdForFlow.java:40) - 流量任务条数0
[2016-10-13 04:31:13,728] INFO  [jobs-thread-10] jobs.BuyerTaskCancel.doJob(BuyerTaskCancel.java:38) - cancel buyerTask start
[2016-10-13 04:31:13,744] INFO  [jobs-thread-10] jobs.BuyerTaskCancel.doJob(BuyerTaskCancel.java:49) - cancel buyerTask end
[2016-10-13 04:31:14,088] INFO  [jobs-thread-9] jobs.GetExpressNo.doJob(GetExpressNo.java:49) - =====GetExpressNo Started=====
[2016-10-13 04:41:09,868] INFO  [jobs-thread-8] jobs.AddKwdForFlow.doJob(AddKwdForFlow.java:38) - =====AddFlow Started=====
[2016-10-13 04:41:09,868] INFO  [jobs-thread-8] jobs.AddKwdForFlow.doJob(AddKwdForFlow.java:40) - 流量任务条数0
[2016-10-13 04:41:14,055] INFO  [jobs-thread-6] jobs.BuyerTaskCancel.doJob(BuyerTaskCancel.java:38) - cancel buyerTask start
[2016-10-13 04:41:14,071] INFO  [jobs-thread-6] jobs.BuyerTaskCancel.doJob(BuyerTaskCancel.java:49) - cancel buyerTask end
[2016-10-13 04:41:14,446] INFO  [jobs-thread-3] jobs.GetExpressNo.doJob(GetExpressNo.java:49) - =====GetExpressNo Started=====
[2016-10-13 04:50:57,040] INFO  [jobs-thread-9] jobs.FlowClickTimes.doJob(FlowClickTimes.java:36) - =====FlowClickTimes Started=====
[2016-10-13 04:51:10,217] INFO  [jobs-thread-8] jobs.AddKwdForFlow.doJob(AddKwdForFlow.java:38) - =====AddFlow Started=====
[2016-10-13 04:51:10,232] INFO  [jobs-thread-8] jobs.AddKwdForFlow.doJob(AddKwdForFlow.java:40) - 流量任务条数0
[2016-10-13 04:51:14,392] INFO  [jobs-thread-10] jobs.BuyerTaskCancel.doJob(BuyerTaskCancel.java:38) - cancel buyerTask start
[2016-10-13 04:51:14,407] INFO  [jobs-thread-10] jobs.BuyerTaskCancel.doJob(BuyerTaskCancel.java:49) - cancel buyerTask end
[2016-10-13 04:51:14,766] INFO  [jobs-thread-6] jobs.GetExpressNo.doJob(GetExpressNo.java:49) - =====GetExpressNo Started=====
[2016-10-13 05:01:10,560] INFO  [jobs-thread-8] jobs.AddKwdForFlow.doJob(AddKwdForFlow.java:38) - =====AddFlow Started=====
[2016-10-13 05:01:10,560] INFO  [jobs-thread-8] jobs.AddKwdForFlow.doJob(AddKwdForFlow.java:40) - 流量任务条数0
[2016-10-13 05:01:14,737] INFO  [jobs-thread-7] jobs.BuyerTaskCancel.doJob(BuyerTaskCancel.java:38) - cancel buyerTask start
[2016-10-13 05:01:14,753] INFO  [jobs-thread-7] jobs.BuyerTaskCancel.doJob(BuyerTaskCancel.java:49) - cancel buyerTask end
[2016-10-13 05:01:15,096] INFO  [jobs-thread-5] jobs.GetExpressNo.doJob(GetExpressNo.java:49) - =====GetExpressNo Started=====
[2016-10-13 05:11:10,881] INFO  [jobs-thread-10] jobs.AddKwdForFlow.doJob(AddKwdForFlow.java:38) - =====AddFlow Started=====
[2016-10-13 05:11:10,881] INFO  [jobs-thread-10] jobs.AddKwdForFlow.doJob(AddKwdForFlow.java:40) - 流量任务条数0
[2016-10-13 05:11:15,077] INFO  [jobs-thread-7] jobs.BuyerTaskCancel.doJob(BuyerTaskCancel.java:38) - cancel buyerTask start
[2016-10-13 05:11:15,093] INFO  [jobs-thread-7] jobs.BuyerTaskCancel.doJob(BuyerTaskCancel.java:49) - cancel buyerTask end
[2016-10-13 05:11:15,436] INFO  [jobs-thread-5] jobs.GetExpressNo.doJob(GetExpressNo.java:49) - =====GetExpressNo Started=====
[2016-10-13 05:20:57,404] INFO  [jobs-thread-8] jobs.FlowClickTimes.doJob(FlowClickTimes.java:36) - =====FlowClickTimes Started=====
[2016-10-13 05:21:11,238] INFO  [jobs-thread-10] jobs.AddKwdForFlow.doJob(AddKwdForFlow.java:38) - =====AddFlow Started=====
[2016-10-13 05:21:11,238] INFO  [jobs-thread-10] jobs.AddKwdForFlow.doJob(AddKwdForFlow.java:40) - 流量任务条数0
[2016-10-13 05:21:15,408] INFO  [jobs-thread-1] jobs.BuyerTaskCancel.doJob(BuyerTaskCancel.java:38) - cancel buyerTask start
[2016-10-13 05:21:15,423] INFO  [jobs-thread-1] jobs.BuyerTaskCancel.doJob(BuyerTaskCancel.java:49) - cancel buyerTask end
[2016-10-13 05:21:16,344] INFO  [jobs-thread-5] jobs.GetExpressNo.doJob(GetExpressNo.java:49) - =====GetExpressNo Started=====
[2016-10-13 05:31:11,565] INFO  [jobs-thread-2] jobs.AddKwdForFlow.doJob(AddKwdForFlow.java:38) - =====AddFlow Started=====
[2016-10-13 05:31:11,565] INFO  [jobs-thread-2] jobs.AddKwdForFlow.doJob(AddKwdForFlow.java:40) - 流量任务条数0
[2016-10-13 05:31:15,760] INFO  [jobs-thread-9] jobs.BuyerTaskCancel.doJob(BuyerTaskCancel.java:38) - cancel buyerTask start
[2016-10-13 05:31:15,776] INFO  [jobs-thread-9] jobs.BuyerTaskCancel.doJob(BuyerTaskCancel.java:49) - cancel buyerTask end
[2016-10-13 05:31:16,696] INFO  [jobs-thread-5] jobs.GetExpressNo.doJob(GetExpressNo.java:49) - =====GetExpressNo Started=====
[2016-10-13 05:41:11,916] INFO  [jobs-thread-5] jobs.AddKwdForFlow.doJob(AddKwdForFlow.java:38) - =====AddFlow Started=====
[2016-10-13 05:41:11,916] INFO  [jobs-thread-5] jobs.AddKwdForFlow.doJob(AddKwdForFlow.java:40) - 流量任务条数0
[2016-10-13 05:41:16,142] INFO  [jobs-thread-10] jobs.BuyerTaskCancel.doJob(BuyerTaskCancel.java:38) - cancel buyerTask start
[2016-10-13 05:41:16,158] INFO  [jobs-thread-10] jobs.BuyerTaskCancel.doJob(BuyerTaskCancel.java:49) - cancel buyerTask end
[2016-10-13 05:41:17,034] INFO  [jobs-thread-1] jobs.GetExpressNo.doJob(GetExpressNo.java:49) - =====GetExpressNo Started=====
[2016-10-13 05:50:57,804] INFO  [jobs-thread-9] jobs.FlowClickTimes.doJob(FlowClickTimes.java:36) - =====FlowClickTimes Started=====
[2016-10-13 05:51:12,249] INFO  [jobs-thread-3] jobs.AddKwdForFlow.doJob(AddKwdForFlow.java:38) - =====AddFlow Started=====
[2016-10-13 05:51:12,249] INFO  [jobs-thread-3] jobs.AddKwdForFlow.doJob(AddKwdForFlow.java:40) - 流量任务条数0
[2016-10-13 05:51:16,497] INFO  [jobs-thread-4] jobs.BuyerTaskCancel.doJob(BuyerTaskCancel.java:38) - cancel buyerTask start
[2016-10-13 05:51:16,512] INFO  [jobs-thread-4] jobs.BuyerTaskCancel.doJob(BuyerTaskCancel.java:49) - cancel buyerTask end
[2016-10-13 05:51:17,401] INFO  [jobs-thread-8] jobs.GetExpressNo.doJob(GetExpressNo.java:49) - =====GetExpressNo Started=====
[2016-10-13 06:01:12,609] INFO  [jobs-thread-5] jobs.AddKwdForFlow.doJob(AddKwdForFlow.java:38) - =====AddFlow Started=====
[2016-10-13 06:01:12,609] INFO  [jobs-thread-5] jobs.AddKwdForFlow.doJob(AddKwdForFlow.java:40) - 流量任务条数0
[2016-10-13 06:01:16,862] INFO  [jobs-thread-4] jobs.BuyerTaskCancel.doJob(BuyerTaskCancel.java:38) - cancel buyerTask start
[2016-10-13 06:01:16,862] INFO  [jobs-thread-4] jobs.BuyerTaskCancel.doJob(BuyerTaskCancel.java:49) - cancel buyerTask end
[2016-10-13 06:01:17,741] INFO  [jobs-thread-8] jobs.GetExpressNo.doJob(GetExpressNo.java:49) - =====GetExpressNo Started=====
[2016-10-13 06:11:12,982] INFO  [jobs-thread-7] jobs.AddKwdForFlow.doJob(AddKwdForFlow.java:38) - =====AddFlow Started=====
[2016-10-13 06:11:12,982] INFO  [jobs-thread-7] jobs.AddKwdForFlow.doJob(AddKwdForFlow.java:40) - 流量任务条数0
[2016-10-13 06:11:17,187] INFO  [jobs-thread-1] jobs.BuyerTaskCancel.doJob(BuyerTaskCancel.java:38) - cancel buyerTask start
[2016-10-13 06:11:17,187] INFO  [jobs-thread-1] jobs.BuyerTaskCancel.doJob(BuyerTaskCancel.java:49) - cancel buyerTask end
[2016-10-13 06:11:18,098] INFO  [jobs-thread-9] jobs.GetExpressNo.doJob(GetExpressNo.java:49) - =====GetExpressNo Started=====
[2016-10-13 06:20:58,167] INFO  [jobs-thread-3] jobs.FlowClickTimes.doJob(FlowClickTimes.java:36) - =====FlowClickTimes Started=====
[2016-10-13 06:21:13,325] INFO  [jobs-thread-5] jobs.AddKwdForFlow.doJob(AddKwdForFlow.java:38) - =====AddFlow Started=====
[2016-10-13 06:21:13,325] INFO  [jobs-thread-5] jobs.AddKwdForFlow.doJob(AddKwdForFlow.java:40) - 流量任务条数0
[2016-10-13 06:21:17,508] INFO  [jobs-thread-9] jobs.BuyerTaskCancel.doJob(BuyerTaskCancel.java:38) - cancel buyerTask start
[2016-10-13 06:21:17,508] INFO  [jobs-thread-9] jobs.BuyerTaskCancel.doJob(BuyerTaskCancel.java:49) - cancel buyerTask end
[2016-10-13 06:21:18,447] INFO  [jobs-thread-8] jobs.GetExpressNo.doJob(GetExpressNo.java:49) - =====GetExpressNo Started=====
[2016-10-13 06:31:13,672] INFO  [jobs-thread-7] jobs.AddKwdForFlow.doJob(AddKwdForFlow.java:38) - =====AddFlow Started=====
[2016-10-13 06:31:13,672] INFO  [jobs-thread-7] jobs.AddKwdForFlow.doJob(AddKwdForFlow.java:40) - 流量任务条数0
[2016-10-13 06:31:17,846] INFO  [jobs-thread-6] jobs.BuyerTaskCancel.doJob(BuyerTaskCancel.java:38) - cancel buyerTask start
[2016-10-13 06:31:17,846] INFO  [jobs-thread-6] jobs.BuyerTaskCancel.doJob(BuyerTaskCancel.java:49) - cancel buyerTask end
[2016-10-13 06:31:18,772] INFO  [jobs-thread-1] jobs.GetExpressNo.doJob(GetExpressNo.java:49) - =====GetExpressNo Started=====
[2016-10-13 06:41:13,996] INFO  [jobs-thread-10] jobs.AddKwdForFlow.doJob(AddKwdForFlow.java:38) - =====AddFlow Started=====
[2016-10-13 06:41:13,996] INFO  [jobs-thread-10] jobs.AddKwdForFlow.doJob(AddKwdForFlow.java:40) - 流量任务条数0
[2016-10-13 06:41:18,155] INFO  [jobs-thread-7] jobs.BuyerTaskCancel.doJob(BuyerTaskCancel.java:38) - cancel buyerTask start
[2016-10-13 06:41:18,171] INFO  [jobs-thread-7] jobs.BuyerTaskCancel.doJob(BuyerTaskCancel.java:49) - cancel buyerTask end
[2016-10-13 06:41:19,139] INFO  [jobs-thread-8] jobs.GetExpressNo.doJob(GetExpressNo.java:49) - =====GetExpressNo Started=====
[2016-10-13 06:50:58,539] INFO  [jobs-thread-5] jobs.FlowClickTimes.doJob(FlowClickTimes.java:36) - =====FlowClickTimes Started=====
[2016-10-13 06:51:14,341] INFO  [jobs-thread-8] jobs.AddKwdForFlow.doJob(AddKwdForFlow.java:38) - =====AddFlow Started=====
[2016-10-13 06:51:14,341] INFO  [jobs-thread-8] jobs.AddKwdForFlow.doJob(AddKwdForFlow.java:40) - 流量任务条数0
[2016-10-13 06:51:18,502] INFO  [jobs-thread-4] jobs.BuyerTaskCancel.doJob(BuyerTaskCancel.java:38) - cancel buyerTask start
[2016-10-13 06:51:18,518] INFO  [jobs-thread-4] jobs.BuyerTaskCancel.doJob(BuyerTaskCancel.java:49) - cancel buyerTask end
[2016-10-13 06:51:19,489] INFO  [jobs-thread-2] jobs.GetExpressNo.doJob(GetExpressNo.java:49) - =====GetExpressNo Started=====
[2016-10-13 07:01:14,705] INFO  [jobs-thread-8] jobs.AddKwdForFlow.doJob(AddKwdForFlow.java:38) - =====AddFlow Started=====
[2016-10-13 07:01:14,705] INFO  [jobs-thread-8] jobs.AddKwdForFlow.doJob(AddKwdForFlow.java:40) - 流量任务条数0
[2016-10-13 07:01:18,860] INFO  [jobs-thread-7] jobs.BuyerTaskCancel.doJob(BuyerTaskCancel.java:38) - cancel buyerTask start
[2016-10-13 07:01:18,860] INFO  [jobs-thread-7] jobs.BuyerTaskCancel.doJob(BuyerTaskCancel.java:49) - cancel buyerTask end
[2016-10-13 07:01:19,856] INFO  [jobs-thread-6] jobs.GetExpressNo.doJob(GetExpressNo.java:49) - =====GetExpressNo Started=====
[2016-10-13 07:11:15,056] INFO  [jobs-thread-5] jobs.AddKwdForFlow.doJob(AddKwdForFlow.java:38) - =====AddFlow Started=====
[2016-10-13 07:11:15,056] INFO  [jobs-thread-5] jobs.AddKwdForFlow.doJob(AddKwdForFlow.java:40) - 流量任务条数0
[2016-10-13 07:11:19,201] INFO  [jobs-thread-3] jobs.BuyerTaskCancel.doJob(BuyerTaskCancel.java:38) - cancel buyerTask start
[2016-10-13 07:11:19,216] INFO  [jobs-thread-3] jobs.BuyerTaskCancel.doJob(BuyerTaskCancel.java:49) - cancel buyerTask end
[2016-10-13 07:11:20,200] INFO  [jobs-thread-9] jobs.GetExpressNo.doJob(GetExpressNo.java:49) - =====GetExpressNo Started=====
[2016-10-13 07:20:58,908] INFO  [jobs-thread-2] jobs.FlowClickTimes.doJob(FlowClickTimes.java:36) - =====FlowClickTimes Started=====
[2016-10-13 07:21:15,418] INFO  [jobs-thread-7] jobs.AddKwdForFlow.doJob(AddKwdForFlow.java:38) - =====AddFlow Started=====
[2016-10-13 07:21:15,433] INFO  [jobs-thread-7] jobs.AddKwdForFlow.doJob(AddKwdForFlow.java:40) - 流量任务条数0
[2016-10-13 07:21:19,545] INFO  [jobs-thread-3] jobs.BuyerTaskCancel.doJob(BuyerTaskCancel.java:38) - cancel buyerTask start
[2016-10-13 07:21:19,545] INFO  [jobs-thread-3] jobs.BuyerTaskCancel.doJob(BuyerTaskCancel.java:49) - cancel buyerTask end
[2016-10-13 07:21:20,549] INFO  [jobs-thread-8] jobs.GetExpressNo.doJob(GetExpressNo.java:49) - =====GetExpressNo Started=====
[2016-10-13 07:31:15,763] INFO  [jobs-thread-1] jobs.AddKwdForFlow.doJob(AddKwdForFlow.java:38) - =====AddFlow Started=====
[2016-10-13 07:31:15,763] INFO  [jobs-thread-1] jobs.AddKwdForFlow.doJob(AddKwdForFlow.java:40) - 流量任务条数0
[2016-10-13 07:31:19,860] INFO  [jobs-thread-7] jobs.BuyerTaskCancel.doJob(BuyerTaskCancel.java:38) - cancel buyerTask start
[2016-10-13 07:31:19,860] INFO  [jobs-thread-7] jobs.BuyerTaskCancel.doJob(BuyerTaskCancel.java:49) - cancel buyerTask end
[2016-10-13 07:31:20,896] INFO  [jobs-thread-9] jobs.GetExpressNo.doJob(GetExpressNo.java:49) - =====GetExpressNo Started=====
[2016-10-13 07:41:16,107] INFO  [jobs-thread-3] jobs.AddKwdForFlow.doJob(AddKwdForFlow.java:38) - =====AddFlow Started=====
[2016-10-13 07:41:16,107] INFO  [jobs-thread-3] jobs.AddKwdForFlow.doJob(AddKwdForFlow.java:40) - 流量任务条数0
[2016-10-13 07:41:20,221] INFO  [jobs-thread-1] jobs.BuyerTaskCancel.doJob(BuyerTaskCancel.java:38) - cancel buyerTask start
[2016-10-13 07:41:20,236] INFO  [jobs-thread-1] jobs.BuyerTaskCancel.doJob(BuyerTaskCancel.java:49) - cancel buyerTask end
[2016-10-13 07:41:21,241] INFO  [jobs-thread-4] jobs.GetExpressNo.doJob(GetExpressNo.java:49) - =====GetExpressNo Started=====
[2016-10-13 07:50:59,304] INFO  [jobs-thread-10] jobs.FlowClickTimes.doJob(FlowClickTimes.java:36) - =====FlowClickTimes Started=====
[2016-10-13 07:51:16,461] INFO  [jobs-thread-7] jobs.AddKwdForFlow.doJob(AddKwdForFlow.java:38) - =====AddFlow Started=====
[2016-10-13 07:51:16,461] INFO  [jobs-thread-7] jobs.AddKwdForFlow.doJob(AddKwdForFlow.java:40) - 流量任务条数0
[2016-10-13 07:51:20,563] INFO  [jobs-thread-5] jobs.BuyerTaskCancel.doJob(BuyerTaskCancel.java:38) - cancel buyerTask start
[2016-10-13 07:51:20,563] INFO  [jobs-thread-5] jobs.BuyerTaskCancel.doJob(BuyerTaskCancel.java:49) - cancel buyerTask end
[2016-10-13 07:51:21,578] INFO  [jobs-thread-9] jobs.GetExpressNo.doJob(GetExpressNo.java:49) - =====GetExpressNo Started=====
[2016-10-13 08:01:16,818] INFO  [jobs-thread-7] jobs.AddKwdForFlow.doJob(AddKwdForFlow.java:38) - =====AddFlow Started=====
[2016-10-13 08:01:16,818] INFO  [jobs-thread-7] jobs.AddKwdForFlow.doJob(AddKwdForFlow.java:40) - 流量任务条数0
[2016-10-13 08:01:20,899] INFO  [jobs-thread-4] jobs.BuyerTaskCancel.doJob(BuyerTaskCancel.java:38) - cancel buyerTask start
[2016-10-13 08:01:20,914] INFO  [jobs-thread-4] jobs.BuyerTaskCancel.doJob(BuyerTaskCancel.java:49) - cancel buyerTask end
[2016-10-13 08:01:21,929] INFO  [jobs-thread-6] jobs.GetExpressNo.doJob(GetExpressNo.java:49) - =====GetExpressNo Started=====
[2016-10-13 08:11:17,167] INFO  [jobs-thread-5] jobs.AddKwdForFlow.doJob(AddKwdForFlow.java:38) - =====AddFlow Started=====
[2016-10-13 08:11:17,167] INFO  [jobs-thread-5] jobs.AddKwdForFlow.doJob(AddKwdForFlow.java:40) - 流量任务条数0
[2016-10-13 08:11:21,250] INFO  [jobs-thread-9] jobs.BuyerTaskCancel.doJob(BuyerTaskCancel.java:38) - cancel buyerTask start
[2016-10-13 08:11:21,250] INFO  [jobs-thread-9] jobs.BuyerTaskCancel.doJob(BuyerTaskCancel.java:49) - cancel buyerTask end
[2016-10-13 08:11:22,280] INFO  [jobs-thread-8] jobs.GetExpressNo.doJob(GetExpressNo.java:49) - =====GetExpressNo Started=====
[2016-10-13 08:20:59,679] INFO  [jobs-thread-10] jobs.FlowClickTimes.doJob(FlowClickTimes.java:36) - =====FlowClickTimes Started=====
[2016-10-13 08:21:17,502] INFO  [jobs-thread-3] jobs.AddKwdForFlow.doJob(AddKwdForFlow.java:38) - =====AddFlow Started=====
[2016-10-13 08:21:17,502] INFO  [jobs-thread-3] jobs.AddKwdForFlow.doJob(AddKwdForFlow.java:40) - 流量任务条数0
[2016-10-13 08:21:21,612] INFO  [jobs-thread-7] jobs.BuyerTaskCancel.doJob(BuyerTaskCancel.java:38) - cancel buyerTask start
[2016-10-13 08:21:21,612] INFO  [jobs-thread-7] jobs.BuyerTaskCancel.doJob(BuyerTaskCancel.java:49) - cancel buyerTask end
[2016-10-13 08:21:22,632] INFO  [jobs-thread-2] jobs.GetExpressNo.doJob(GetExpressNo.java:49) - =====GetExpressNo Started=====
[2016-10-13 08:31:17,856] INFO  [jobs-thread-8] jobs.AddKwdForFlow.doJob(AddKwdForFlow.java:38) - =====AddFlow Started=====
[2016-10-13 08:31:17,856] INFO  [jobs-thread-8] jobs.AddKwdForFlow.doJob(AddKwdForFlow.java:40) - 流量任务条数0
[2016-10-13 08:31:21,939] INFO  [jobs-thread-4] jobs.BuyerTaskCancel.doJob(BuyerTaskCancel.java:38) - cancel buyerTask start
[2016-10-13 08:31:21,942] INFO  [jobs-thread-4] jobs.BuyerTaskCancel.doJob(BuyerTaskCancel.java:49) - cancel buyerTask end
[2016-10-13 08:31:22,988] INFO  [jobs-thread-1] jobs.GetExpressNo.doJob(GetExpressNo.java:49) - =====GetExpressNo Started=====
[2016-10-13 08:42:58,541] INFO  [jobs-thread-3] jobs.BuyerTaskCancel.doJob(BuyerTaskCancel.java:38) - cancel buyerTask start
[2016-10-13 08:42:58,556] INFO  [jobs-thread-3] jobs.BuyerTaskCancel.doJob(BuyerTaskCancel.java:49) - cancel buyerTask end
[2016-10-13 08:42:59,088] INFO  [jobs-thread-8] jobs.AddKwdForFlow.doJob(AddKwdForFlow.java:38) - =====AddFlow Started=====
[2016-10-13 08:42:59,103] INFO  [jobs-thread-8] jobs.AddKwdForFlow.doJob(AddKwdForFlow.java:40) - 流量任务条数0
[2016-10-13 08:43:00,048] INFO  [jobs-thread-9] jobs.GetExpressNo.doJob(GetExpressNo.java:49) - =====GetExpressNo Started=====
[2016-10-13 10:32:14,141] INFO  [main] play.Logger.info(Logger.java:308) - Starting D:\development\Enterprise\wgk
[2016-10-13 10:32:15,163] WARN  [main] play.Logger.warn(Logger.java:367) - You're running Play! in DEV mode
[2016-10-13 10:32:15,710] INFO  [main] play.Logger.info(Logger.java:308) - Listening for HTTP on port 8080 (Waiting a first request to start) ...
[2016-10-13 10:32:54,405] INFO  [MLog-Init-Reporter] com.mchange.v2.log.MLog$1.run(MLog.java:124) - MLog clients using log4j logging.
[2016-10-13 10:32:54,611] INFO  [play-thread-1] com.mchange.v2.c3p0.C3P0Registry.banner(C3P0Registry.java:248) - Initializing c3p0-0.9.5 [built 02-January-2015 13:25:04 -0500; debug? true; trace: 10]
[2016-10-13 10:32:54,788] INFO  [play-thread-1] com.mchange.v2.c3p0.impl.AbstractPoolBackedDataSource.getPoolManager(AbstractPoolBackedDataSource.java:522) - Initializing c3p0 pool... com.mchange.v2.c3p0.ComboPooledDataSource [ acquireIncrement -> 3, acquireRetryAttempts -> 10, acquireRetryDelay -> 1000, autoCommitOnClose -> false, automaticTestTable -> null, breakAfterAcquireFailure -> false, checkoutTimeout -> 1000, connectionCustomizerClassName -> null, connectionTesterClassName -> com.mchange.v2.c3p0.impl.DefaultConnectionTester, contextClassLoaderSource -> caller, dataSourceName -> 1hge48x9j1g4qev4kc60xb|2683bff6, debugUnreturnedConnectionStackTraces -> false, description -> null, driverClass -> com.mysql.jdbc.Driver, extensions -> {}, factoryClassLocation -> null, forceIgnoreUnresolvedTransactions -> false, forceUseNamedDriverClass -> false, identityToken -> 1hge48x9j1g4qev4kc60xb|2683bff6, idleConnectionTestPeriod -> 10, initialPoolSize -> 3, jdbcUrl -> jdbc:mysql://localhost:3306/waguke?autoReconnect=true&useUnicode=true&characterEncoding=utf-8, maxAdministrativeTaskTime -> 0, maxConnectionAge -> 0, maxIdleTime -> 0, maxIdleTimeExcessConnections -> 0, maxPoolSize -> 30, maxStatements -> 0, maxStatementsPerConnection -> 0, minPoolSize -> 10, numHelperThreads -> 3, preferredTestQuery -> /* ping */ SELECT 1, privilegeSpawnedThreads -> false, properties -> {user=******, password=******}, propertyCycle -> 0, statementCacheNumDeferredCloseThreads -> 0, testConnectionOnCheckin -> true, testConnectionOnCheckout -> false, unreturnedConnectionTimeout -> 0, userOverrides -> {}, usesTraditionalReflectiveProxies -> false ]
[2016-10-13 10:32:54,814] WARN  [play-thread-1] com.mchange.v2.resourcepool.BasicResourcePool.<init>(BasicResourcePool.java:288) - Bad pool size config, start 3 < min 10. Using 10 as start.
[2016-10-13 10:32:54,923] INFO  [play-thread-1] play.Logger.info(Logger.java:308) - Connected to jdbc:mysql://localhost:3306/waguke?autoReconnect=true&useUnicode=true&characterEncoding=utf-8 for default
[2016-10-13 10:32:55,620] INFO  [play-thread-1] play.Logger.info(Logger.java:308) - Application 'wgk' is now started !
[2016-10-13 10:32:55,811] INFO  [play-thread-1] jobs.Bootstrap.doJob(Bootstrap.java:20) - =====App Started=====
[2016-10-13 10:33:28,694] ERROR [play-thread-1] com.aton.base.BaseController.handleServerError(BaseController.java:232) - =======>Server Fatal Error<======
[2016-10-13 10:33:28,696] ERROR [play-thread-1] com.aton.base.BaseController.handleServerError(BaseController.java:233) - Type interface models.mappers.TrialShopMapper is not known to the MapperRegistry.
org.apache.ibatis.binding.BindingException: Type interface models.mappers.TrialShopMapper is not known to the MapperRegistry.
	at org.apache.ibatis.binding.MapperRegistry.getMapper(MapperRegistry.java:47)
	at org.apache.ibatis.session.Configuration.getMapper(Configuration.java:655)
	at org.apache.ibatis.session.defaults.DefaultSqlSession.getMapper(DefaultSqlSession.java:222)
	at models.TrialShop.findByPlatformAndSellerId(TrialShop.java:89)
	at controllers.UserCenter.listTrialShops(UserCenter.java:808)
	at sun.reflect.NativeMethodAccessorImpl.invoke0(Native Method)
	at sun.reflect.NativeMethodAccessorImpl.invoke(Unknown Source)
	at sun.reflect.DelegatingMethodAccessorImpl.invoke(Unknown Source)
	at java.lang.reflect.Method.invoke(Unknown Source)
	at play.mvc.ActionInvoker.invokeWithContinuation(ActionInvoker.java:524)
	at play.mvc.ActionInvoker.invoke(ActionInvoker.java:475)
	at play.mvc.ActionInvoker.invokeControllerMethod(ActionInvoker.java:451)
	at play.mvc.ActionInvoker.invokeControllerMethod(ActionInvoker.java:446)
	at play.mvc.ActionInvoker.invoke(ActionInvoker.java:160)
	at play.server.PlayHandler$NettyInvocation.execute(PlayHandler.java:267)
	at play.Invoker$Invocation$1.apply(Invoker.java:290)
	at play.Invoker$Invocation$1.apply(Invoker.java:287)
	at play.db.jpa.JPA.withTransaction(JPA.java:258)
	at play.db.jpa.JPA.withinFilter(JPA.java:217)
	at play.db.jpa.JPAPlugin$TransactionalFilter.withinFilter(JPAPlugin.java:299)
	at play.Invoker$Invocation.withinFilter(Invoker.java:271)
	at play.Invoker$Invocation.run(Invoker.java:287)
	at play.server.PlayHandler$NettyInvocation.run(PlayHandler.java:245)
	at java.util.concurrent.Executors$RunnableAdapter.call(Unknown Source)
	at java.util.concurrent.FutureTask.run(Unknown Source)
	at java.util.concurrent.ScheduledThreadPoolExecutor$ScheduledFutureTask.access$201(Unknown Source)
	at java.util.concurrent.ScheduledThreadPoolExecutor$ScheduledFutureTask.run(Unknown Source)
	at java.util.concurrent.ThreadPoolExecutor.runWorker(Unknown Source)
	at java.util.concurrent.ThreadPoolExecutor$Worker.run(Unknown Source)
	at java.lang.Thread.run(Unknown Source)
[2016-10-13 10:34:16,801] INFO  [main] play.Logger.info(Logger.java:308) - Starting D:\development\Enterprise\wgk
[2016-10-13 10:34:17,839] WARN  [main] play.Logger.warn(Logger.java:367) - You're running Play! in DEV mode
[2016-10-13 10:34:18,310] INFO  [main] play.Logger.info(Logger.java:308) - Listening for HTTP on port 8080 (Waiting a first request to start) ...
[2016-10-13 10:34:25,598] INFO  [MLog-Init-Reporter] com.mchange.v2.log.MLog$1.run(MLog.java:124) - MLog clients using log4j logging.
[2016-10-13 10:34:25,791] INFO  [play-thread-1] com.mchange.v2.c3p0.C3P0Registry.banner(C3P0Registry.java:248) - Initializing c3p0-0.9.5 [built 02-January-2015 13:25:04 -0500; debug? true; trace: 10]
[2016-10-13 10:34:26,018] INFO  [play-thread-1] com.mchange.v2.c3p0.impl.AbstractPoolBackedDataSource.getPoolManager(AbstractPoolBackedDataSource.java:522) - Initializing c3p0 pool... com.mchange.v2.c3p0.ComboPooledDataSource [ acquireIncrement -> 3, acquireRetryAttempts -> 10, acquireRetryDelay -> 1000, autoCommitOnClose -> false, automaticTestTable -> null, breakAfterAcquireFailure -> false, checkoutTimeout -> 1000, connectionCustomizerClassName -> null, connectionTesterClassName -> com.mchange.v2.c3p0.impl.DefaultConnectionTester, contextClassLoaderSource -> caller, dataSourceName -> 1hge48x9j1g4sd891sx4vzo|6622ddd4, debugUnreturnedConnectionStackTraces -> false, description -> null, driverClass -> com.mysql.jdbc.Driver, extensions -> {}, factoryClassLocation -> null, forceIgnoreUnresolvedTransactions -> false, forceUseNamedDriverClass -> false, identityToken -> 1hge48x9j1g4sd891sx4vzo|6622ddd4, idleConnectionTestPeriod -> 10, initialPoolSize -> 3, jdbcUrl -> jdbc:mysql://localhost:3306/waguke?autoReconnect=true&useUnicode=true&characterEncoding=utf-8, maxAdministrativeTaskTime -> 0, maxConnectionAge -> 0, maxIdleTime -> 0, maxIdleTimeExcessConnections -> 0, maxPoolSize -> 30, maxStatements -> 0, maxStatementsPerConnection -> 0, minPoolSize -> 10, numHelperThreads -> 3, preferredTestQuery -> /* ping */ SELECT 1, privilegeSpawnedThreads -> false, properties -> {user=******, password=******}, propertyCycle -> 0, statementCacheNumDeferredCloseThreads -> 0, testConnectionOnCheckin -> true, testConnectionOnCheckout -> false, unreturnedConnectionTimeout -> 0, userOverrides -> {}, usesTraditionalReflectiveProxies -> false ]
[2016-10-13 10:34:26,060] WARN  [play-thread-1] com.mchange.v2.resourcepool.BasicResourcePool.<init>(BasicResourcePool.java:288) - Bad pool size config, start 3 < min 10. Using 10 as start.
[2016-10-13 10:34:26,197] INFO  [play-thread-1] play.Logger.info(Logger.java:308) - Connected to jdbc:mysql://localhost:3306/waguke?autoReconnect=true&useUnicode=true&characterEncoding=utf-8 for default
[2016-10-13 10:34:26,892] INFO  [play-thread-1] play.Logger.info(Logger.java:308) - Application 'wgk' is now started !
[2016-10-13 10:34:27,170] INFO  [play-thread-1] jobs.Bootstrap.doJob(Bootstrap.java:20) - =====App Started=====
