[2016-10-13 10:33:28,694] ERROR [play-thread-1] com.aton.base.BaseController.handleServerError(BaseController.java:232) - =======>Server Fatal Error<======
[2016-10-13 10:33:28,696] ERROR [play-thread-1] com.aton.base.BaseController.handleServerError(BaseController.java:233) - Type interface models.mappers.TrialShopMapper is not known to the MapperRegistry.
org.apache.ibatis.binding.BindingException: Type interface models.mappers.TrialShopMapper is not known to the MapperRegistry.
	at org.apache.ibatis.binding.MapperRegistry.getMapper(MapperRegistry.java:47)
	at org.apache.ibatis.session.Configuration.getMapper(Configuration.java:655)
	at org.apache.ibatis.session.defaults.DefaultSqlSession.getMapper(DefaultSqlSession.java:222)
	at models.TrialShop.findByPlatformAndSellerId(TrialShop.java:89)
	at controllers.UserCenter.listTrialShops(UserCenter.java:808)
	at sun.reflect.NativeMethodAccessorImpl.invoke0(Native Method)
	at sun.reflect.NativeMethodAccessorImpl.invoke(Unknown Source)
	at sun.reflect.DelegatingMethodAccessorImpl.invoke(Unknown Source)
	at java.lang.reflect.Method.invoke(Unknown Source)
	at play.mvc.ActionInvoker.invokeWithContinuation(ActionInvoker.java:524)
	at play.mvc.ActionInvoker.invoke(ActionInvoker.java:475)
	at play.mvc.ActionInvoker.invokeControllerMethod(ActionInvoker.java:451)
	at play.mvc.ActionInvoker.invokeControllerMethod(ActionInvoker.java:446)
	at play.mvc.ActionInvoker.invoke(ActionInvoker.java:160)
	at play.server.PlayHandler$NettyInvocation.execute(PlayHandler.java:267)
	at play.Invoker$Invocation$1.apply(Invoker.java:290)
	at play.Invoker$Invocation$1.apply(Invoker.java:287)
	at play.db.jpa.JPA.withTransaction(JPA.java:258)
	at play.db.jpa.JPA.withinFilter(JPA.java:217)
	at play.db.jpa.JPAPlugin$TransactionalFilter.withinFilter(JPAPlugin.java:299)
	at play.Invoker$Invocation.withinFilter(Invoker.java:271)
	at play.Invoker$Invocation.run(Invoker.java:287)
	at play.server.PlayHandler$NettyInvocation.run(PlayHandler.java:245)
	at java.util.concurrent.Executors$RunnableAdapter.call(Unknown Source)
	at java.util.concurrent.FutureTask.run(Unknown Source)
	at java.util.concurrent.ScheduledThreadPoolExecutor$ScheduledFutureTask.access$201(Unknown Source)
	at java.util.concurrent.ScheduledThreadPoolExecutor$ScheduledFutureTask.run(Unknown Source)
	at java.util.concurrent.ThreadPoolExecutor.runWorker(Unknown Source)
	at java.util.concurrent.ThreadPoolExecutor$Worker.run(Unknown Source)
	at java.lang.Thread.run(Unknown Source)
